<?xml version="1.0" encoding="UTF-8"?>
<!-- Generated by org.testng.reporters.JUnitXMLReporter -->
<testsuite hostname="Krupakar" ignored="0" name="Test" tests="4" failures="0" timestamp="16 Oct 2018 08:21:26 GMT" time="20.935" errors="0">
  <testcase name="basePageNavigation" time="14.125" classname="TripPlanner.TripPlannerNSW.TripPlannerCaseNow"/>
  <testcase name="validateSearchResults" time="1.435" classname="TripPlanner.TripPlannerNSW.TripPlannerCaseNow"/>
  <testcase name="responseCode" time="3.042" classname="api.StopFinder"/>
  <testcase name="testBody" time="2.285" classname="api.StopFinder"/>
</testsuite> <!-- Test -->
