<?xml version="1.0" encoding="UTF-8"?>
<testng-results skipped="0" failed="0" ignored="0" total="4" passed="4">
  <reporter-output>
  </reporter-output>
  <suite name="Suite" duration-ms="20935" started-at="2018-10-16T08:21:05Z" finished-at="2018-10-16T08:21:26Z">
    <groups>
    </groups>
    <test name="Test" duration-ms="20935" started-at="2018-10-16T08:21:05Z" finished-at="2018-10-16T08:21:26Z">
      <class name="api.StopFinder">
        <test-method status="PASS" signature="responseCode()[pri:0, instance:api.StopFinder@d1ad2e]" name="responseCode" duration-ms="3042" started-at="2018-10-16T19:21:21Z" finished-at="2018-10-16T19:21:24Z">
          <reporter-output>
          </reporter-output>
        </test-method> <!-- responseCode -->
        <test-method status="PASS" signature="testBody()[pri:0, instance:api.StopFinder@d1ad2e]" name="testBody" duration-ms="2285" started-at="2018-10-16T19:21:24Z" finished-at="2018-10-16T19:21:26Z">
          <reporter-output>
          </reporter-output>
        </test-method> <!-- testBody -->
      </class> <!-- api.StopFinder -->
      <class name="TripPlanner.TripPlannerNSW.TripPlannerCaseNow">
        <test-method status="PASS" signature="basePageNavigation(java.lang.String, java.lang.String)[pri:0, instance:TripPlanner.TripPlannerNSW.TripPlannerCaseNow@293aa2]" name="basePageNavigation" duration-ms="14125" started-at="2018-10-16T19:21:05Z" data-provider="getData" finished-at="2018-10-16T19:21:19Z">
          <params>
            <param index="0">
              <value>
                <![CDATA[North Sydney Station, North Sydney]]>
              </value>
            </param>
            <param index="1">
              <value>
                <![CDATA[Town Hall Station, Sydney]]>
              </value>
            </param>
          </params>
          <reporter-output>
          </reporter-output>
        </test-method> <!-- basePageNavigation -->
        <test-method status="PASS" signature="validateSearchResults()[pri:0, instance:TripPlanner.TripPlannerNSW.TripPlannerCaseNow@293aa2]" name="validateSearchResults" duration-ms="1435" started-at="2018-10-16T19:21:19Z" finished-at="2018-10-16T19:21:21Z">
          <reporter-output>
          </reporter-output>
        </test-method> <!-- validateSearchResults -->
      </class> <!-- TripPlanner.TripPlannerNSW.TripPlannerCaseNow -->
    </test> <!-- Test -->
  </suite> <!-- Suite -->
</testng-results>
